<?xml version="1.0" encoding="UTF-8"?>
<testng-results ignored="0" total="2" passed="2" failed="0" skipped="0">
  <reporter-output>
  </reporter-output>
  <suite started-at="2023-08-20T20:13:55 BDT" name="Default suite" finished-at="2023-08-20T20:13:58 BDT" duration-ms="2834">
    <groups>
    </groups>
    <test started-at="2023-08-20T20:13:55 BDT" name="Default test" finished-at="2023-08-20T20:13:58 BDT" duration-ms="2834">
      <class name="seleniumbatch.Testing1">
        <test-method is-config="true" signature="init()[pri:0, instance:seleniumbatch.Testing1@74e28667]" started-at="2023-08-20T20:13:55 BDT" name="init" finished-at="2023-08-20T20:13:58 BDT" duration-ms="2764" status="PASS">
          <reporter-output>
          </reporter-output>
        </test-method> <!-- init -->
        <test-method signature="TestTitle()[pri:1, instance:seleniumbatch.Testing1@74e28667]" started-at="2023-08-20T20:13:58 BDT" name="TestTitle" finished-at="2023-08-20T20:13:58 BDT" duration-ms="15" status="PASS">
          <reporter-output>
          </reporter-output>
        </test-method> <!-- TestTitle -->
        <test-method signature="TestUrl()[pri:2, instance:seleniumbatch.Testing1@74e28667]" started-at="2023-08-20T20:13:58 BDT" name="TestUrl" finished-at="2023-08-20T20:13:58 BDT" duration-ms="8" status="PASS">
          <reporter-output>
          </reporter-output>
        </test-method> <!-- TestUrl -->
      </class> <!-- seleniumbatch.Testing1 -->
    </test> <!-- Default test -->
  </suite> <!-- Default suite -->
</testng-results>
